La génération a démarré 15/11/2013 19:05:57.
     1>Projet "C:\Projets\Jeux\fps\visual studio\jeu\jeu\jeu.vcxproj" sur le nœud 2 (Build cible(s)).
     1>ClCompile:
         C:\Program Files (x86)\Microsoft Visual Studio 12.0\VC\bin\CL.exe /c /ZI /nologo /W3 /WX- /Od /Oy- /D _CRT_SECURE_NO_WARNINGS /D /NODEFAULTLIB:msvcrt.lib /D WIN32 /D _MBCS /Gm /EHsc /RTC1 /MDd /GS /fp:precise /Zc:wchar_t /Zc:forScope /Fo"Debug\\" /Fd"Debug\vc120.pdb" /Gd /TP /analyze- /errorReport:prompt box.cpp carte.cpp
         carte.cpp
     1>c:\projets\jeux\fps\visual studio\jeu\jeu\carte.cpp(284): warning C4018: '<' : incompatibilité signed/unsigned
         box.cpp
     1>c:\projets\jeux\fps\visual studio\jeu\jeu\box.cpp(81): warning C4309: 'argument' : troncation de valeur de constante
         Génération de code en cours...
       Link:
         C:\Program Files (x86)\Microsoft Visual Studio 12.0\VC\bin\link.exe /ERRORREPORT:PROMPT /OUT:"C:\Projets\Jeux\fps\visual studio\jeu\Debug\jeu.exe" /INCREMENTAL /NOLOGO SDL.lib SDLmain.lib glu32.lib glut32.lib opengl32.lib SDL_image.lib BulletDynamics_vs2010_debug.lib BulletCollision_vs2010_debug.lib LinearMath_vs2010_debug.lib kernel32.lib user32.lib gdi32.lib winspool.lib comdlg32.lib advapi32.lib shell32.lib ole32.lib oleaut32.lib uuid.lib odbc32.lib odbccp32.lib /MANIFEST /MANIFESTUAC:"level='asInvoker' uiAccess='false'" /manifest:embed /DEBUG /PDB:"C:\Projets\Jeux\fps\visual studio\jeu\Debug\jeu.pdb" /SUBSYSTEM:WINDOWS /TLBID:1 /DYNAMICBASE /NXCOMPAT /IMPLIB:"C:\Projets\Jeux\fps\visual studio\jeu\Debug\jeu.lib" /MACHINE:X86 Debug\jeu.res
         Debug\animator.obj
         Debug\arme.obj
         Debug\box.obj
         Debug\bullet.obj
         Debug\carte.obj
         Debug\conteneurTextures.obj
         Debug\controleur.obj
         Debug\gameEventHandler.obj
         Debug\init.obj
         Debug\jeu.obj
         Debug\main.obj
         Debug\menu.obj
         Debug\Objet3DDeformable.obj
         Debug\Objet3DDeformableBlender.obj
         Debug\objet3DStatique.obj
         Debug\objloader.obj
         Debug\personnage.obj
         Debug\physicEngine.obj
         Debug\scene.obj
         Debug\target.obj
         jeu.vcxproj -> C:\Projets\Jeux\fps\visual studio\jeu\Debug\jeu.exe
     1>Génération du projet "C:\Projets\Jeux\fps\visual studio\jeu\jeu\jeu.vcxproj" terminée (Build cible(s)).

La génération a réussi.

Temps écoulé 00:00:02.99
