c:\projet\fps\jeu\debug\vc120.pdb
c:\projet\fps\jeu\debug\vc120.idb
c:\projet\fps\jeu\debug\box.obj
c:\projet\fps\jeu\debug\bullet.obj
c:\projet\fps\jeu\debug\carte.obj
c:\projet\fps\jeu\debug\conteneurtextures.obj
c:\projet\fps\jeu\debug\controleur.obj
c:\projet\fps\jeu\debug\cylinder.obj
c:\projet\fps\jeu\debug\gameeventhandler.obj
c:\projet\fps\jeu\debug\helper.obj
c:\projet\fps\jeu\debug\menu.obj
c:\projet\fps\jeu\debug\mydebug.obj
c:\projet\fps\jeu\debug\objet3ddeformable.obj
c:\projet\fps\jeu\debug\objet3ddeformableblender.obj
c:\projet\fps\jeu\debug\objet3dstatique.obj
c:\projet\fps\jeu\debug\objloader.obj
c:\projet\fps\jeu\debug\personnage.obj
c:\projet\fps\jeu\debug\physicengine.obj
c:\projet\fps\jeu\debug\target.obj
c:\projet\fps\jeu\debug\animator.obj
c:\projet\fps\jeu\debug\arme.obj
c:\projet\fps\jeu\debug\bouton.obj
c:\projet\fps\jeu\debug\jeu.tlog\cl.command.1.tlog
c:\projet\fps\jeu\debug\jeu.tlog\cl.read.1.tlog
c:\projet\fps\jeu\debug\jeu.tlog\cl.write.1.tlog
