C:\PROJETS\JEUX\FPS\VISUAL STUDIO\JEU\JEU\RELEASE\ANIMATOR.OBJ
C:\PROJETS\JEUX\FPS\VISUAL STUDIO\JEU\JEU\RELEASE\ARME.OBJ
C:\PROJETS\JEUX\FPS\VISUAL STUDIO\JEU\JEU\RELEASE\BULLET.OBJ
C:\PROJETS\JEUX\FPS\VISUAL STUDIO\JEU\JEU\RELEASE\CARTE.OBJ
C:\Projets\Jeux\fps\visual studio\jeu\jeu\Release\cl.command.1.tlog
C:\Projets\Jeux\fps\visual studio\jeu\jeu\Release\CL.read.1.tlog
C:\Projets\Jeux\fps\visual studio\jeu\jeu\Release\CL.write.1.tlog
C:\PROJETS\JEUX\FPS\VISUAL STUDIO\JEU\JEU\RELEASE\CONTENEURTEXTURES.OBJ
C:\PROJETS\JEUX\FPS\VISUAL STUDIO\JEU\JEU\RELEASE\CONTROLEUR.OBJ
C:\PROJETS\JEUX\FPS\VISUAL STUDIO\JEU\JEU\RELEASE\GAMEEVENTHANDLER.OBJ
C:\PROJETS\JEUX\FPS\VISUAL STUDIO\JEU\JEU\RELEASE\INIT.OBJ
C:\PROJETS\JEUX\FPS\VISUAL STUDIO\JEU\JEU\RELEASE\JEU.EXE.INTERMEDIATE.MANIFEST
C:\PROJETS\JEUX\FPS\VISUAL STUDIO\JEU\JEU\RELEASE\JEU.OBJ
C:\PROJETS\JEUX\FPS\VISUAL STUDIO\JEU\JEU\RELEASE\JEU.RES
C:\Projets\Jeux\fps\visual studio\jeu\jeu\Release\link.command.1.tlog
C:\Projets\Jeux\fps\visual studio\jeu\jeu\Release\link.read.1.tlog
C:\Projets\Jeux\fps\visual studio\jeu\jeu\Release\link.write.1.tlog
C:\Projets\Jeux\fps\visual studio\jeu\jeu\Release\link-cvtres.read.1.tlog
C:\Projets\Jeux\fps\visual studio\jeu\jeu\Release\link-cvtres.write.1.tlog
C:\PROJETS\JEUX\FPS\VISUAL STUDIO\JEU\JEU\RELEASE\MAIN.OBJ
C:\PROJETS\JEUX\FPS\VISUAL STUDIO\JEU\JEU\RELEASE\MENU.OBJ
C:\Projets\Jeux\fps\visual studio\jeu\jeu\Release\mt.command.1.tlog
C:\Projets\Jeux\fps\visual studio\jeu\jeu\Release\mt.read.1.tlog
C:\Projets\Jeux\fps\visual studio\jeu\jeu\Release\mt.write.1.tlog
C:\PROJETS\JEUX\FPS\VISUAL STUDIO\JEU\JEU\RELEASE\OBJET3DDEFORMABLE.OBJ
C:\PROJETS\JEUX\FPS\VISUAL STUDIO\JEU\JEU\RELEASE\OBJET3DSTATIQUE.OBJ
C:\PROJETS\JEUX\FPS\VISUAL STUDIO\JEU\JEU\RELEASE\PERSONNAGE.OBJ
C:\Projets\Jeux\fps\visual studio\jeu\jeu\Release\rc.command.1.tlog
C:\Projets\Jeux\fps\visual studio\jeu\jeu\Release\rc.read.1.tlog
C:\Projets\Jeux\fps\visual studio\jeu\jeu\Release\rc.write.1.tlog
C:\PROJETS\JEUX\FPS\VISUAL STUDIO\JEU\JEU\RELEASE\SCENE.OBJ
C:\PROJETS\JEUX\FPS\VISUAL STUDIO\JEU\JEU\RELEASE\VC100.PDB
C:\PROJETS\JEUX\FPS\VISUAL STUDIO\JEU\RELEASE\JEU.EXE
C:\Projets\Jeux\fps\visual studio\jeu\Release\jeu.pdb
